#
# A fatal error has been detected by the Java Runtime Environment:
#
#  EXCEPTION_ACCESS_VIOLATION (0xc0000005) at pc=0x00007ff8b48deaaa, pid=5656, tid=6152
#
# JRE version: Java(TM) SE Runtime Environment (17.0.6+9) (build 17.0.6+9-LTS-190)
# Java VM: Java HotSpot(TM) 64-Bit Server VM (17.0.6+9-LTS-190, mixed mode, emulated-client, sharing, tiered, compressed oops, compressed class ptrs, g1 gc, windows-amd64)
# Problematic frame:
# V  [jvm.dll+0x36eaaa]
#
# No core dump will be written. Minidumps are not enabled by default on client versions of Windows
#
# If you would like to submit a bug report, please visit:
#   https://bugreport.java.com/bugreport/crash.jsp
#

---------------  S U M M A R Y ------------

Command Line: -XX:TieredStopAtLevel=1 -Xverify:none -Dspring.output.ansi.enabled=always -javaagent:D:\DuAnTotNghiep\IntelliJ IDEA 2020.3.4\lib\idea_rt.jar=49997:D:\DuAnTotNghiep\IntelliJ IDEA 2020.3.4\bin -Dcom.sun.management.jmxremote -Dspring.jmx.enabled=true -Dspring.liveBeansView.mbeanDomain -Dspring.application.admin.enabled=true -Dfile.encoding=UTF-8 com.example.demo.DemoApplication

Host: 11th Gen Intel(R) Core(TM) i5-11300H @ 3.10GHz, 8 cores, 7G,  Windows 11 , 64 bit Build 22621 (10.0.22621.2506)
Time: Tue Jan  9 21:36:19 2024 SE Asia Standard Time elapsed time: 2031.021879 seconds (0d 0h 33m 51s)

---------------  T H R E A D  ---------------

Current thread (0x000001bf52ef1df0):  JavaThread "Finalizer" daemon [_thread_in_vm, id=6152, stack(0x0000003eb0d00000,0x0000003eb0e00000)]

Stack: [0x0000003eb0d00000,0x0000003eb0e00000],  sp=0x0000003eb0dff060,  free space=1020k
Native frames: (J=compiled Java code, j=interpreted, Vv=VM code, C=native code)
V  [jvm.dll+0x36eaaa]
V  [jvm.dll+0x36fae2]
V  [jvm.dll+0x55b34c]
V  [jvm.dll+0x558ff0]
V  [jvm.dll+0x55aa6a]
V  [jvm.dll+0x37e0d1]
V  [jvm.dll+0x37d72f]
C  0x000001bf48a48ee2

Java frames: (J=compiled Java code, j=interpreted, Vv=VM code)
j  java.lang.ref.FinalReference.get()Ljava/lang/Object;+1 java.base@17.0.6
j  java.lang.ref.Finalizer.runFinalizer(Ljdk/internal/access/JavaLangAccess;)V+84 java.base@17.0.6
j  java.lang.ref.Finalizer$FinalizerThread.run()V+46 java.base@17.0.6
v  ~StubRoutines::call_stub

siginfo: EXCEPTION_ACCESS_VIOLATION (0xc0000005), reading address 0x0000000000000048


Register to memory mapping:

RIP=0x00007ff8b48deaaa jvm.dll
RAX=0x0000000000000012 is an unknown value
RBX=0x0000000800a9bf28 is pointing into metadata
RCX=0x0 is NULL
RDX=0x0 is NULL
RSP=0x0000003eb0dff060 is pointing into the stack for thread: 0x000001bf52ef1df0
RBP=0x0000000800a9bf28 is pointing into metadata
RSI=0x0 is NULL
RDI=0x0000000000000001 is an unknown value
R8 =0x0000000000000014 is an unknown value
R9 =0x0000000000000010 is an unknown value
R10=0x000000080046ca78 is pointing into metadata
R11=0xffffffffffffffff is an unknown value
R12=0x00000008004567d8 is pointing into metadata
R13=0x0000000800055460 is a pointer to class: 
java.lang.ref.Reference {0x0000000800055468}
 - instance size:     4
 - klass size:        72
 - access:            public synchronized abstract 
 - state:             fully_initialized
 - name:              'java/lang/ref/Reference'
 - super:             'java/lang/Object'
 - sub:               'java/lang/ref/PhantomReference'   'java/lang/ref/FinalReference'   'java/lang/ref/WeakReference'   'java/lang/ref/SoftReference'   (0 more klasses...)
 - arrays:            'java/lang/ref/Reference'[]
 - methods:           Array<T>(0x0000000800a9bf28)
 - method ordering:   Array<T>(0x0000000800a9bed0)
 - default_methods:   Array<T>(0x0000000000000000)
 - local interfaces:  Array<T>(0x00000008005cfce8)
 - trans. interfaces: Array<T>(0x00000008005cfce8)
 - constants:         constant pool [195] {0x0000000800a91280} for 'java/lang/ref/Reference' cache=0x00000008003c7128
 - class loader data:  loader data: 0x000001bf52db5d50 of 'bootstrap'
 - source file:       'Reference.java'
 - class annotations:       Array<T>(0x0000000000000000)
 - class type annotations:  Array<T>(0x0000000000000000)
 - field annotations:       Array<T>(0x0000000000000000)
 - field type annotations:  Array<T>(0x0000000000000000)
 - generic signature: '<T:Ljava/lang/Object;>Ljava/lang/Object;'
 - inner classes:     Array<T>(0x0000000800a9c610)
 - nest members:     Array<T>(0x0000000800a9bec0)
 - permitted subclasses:     Array<T>(0x00000008005cfc78)
 - java mirror:       a 'java/lang/Class'{0x0000000084443288} = 'java/lang/ref/Reference'
 - vtable length      12  (start addr: 0x0000000800055628)
 - itable length      2 (start addr: 0x0000000800055688)
 - ---- static fields (1 words):
 - private static final 'processPendingLock' 'Ljava/lang/Object;' @112 
 - private static 'processPendingActive' 'Z' @116 
 - static final synthetic '$assertionsDisabled' 'Z' @117 
 - ---- non-static fields (4 words):
 - private 'referent' 'Ljava/lang/Object;' @12 
 - volatile 'queue' 'Ljava/lang/ref/ReferenceQueue;' @16 
 - volatile 'next' 'Ljava/lang/ref/Reference;' @20 
 - private transient 'discovered' 'Ljava/lang/ref/Reference;' @24 
 - non-static oop maps: 16-20 
R14=0x000000080046ca78 is pointing into metadata
R15=0x00000008004567d8 is pointing into metadata


Registers:
RAX=0x0000000000000012, RBX=0x0000000800a9bf28, RCX=0x0000000000000000, RDX=0x0000000000000000
RSP=0x0000003eb0dff060, RBP=0x0000000800a9bf28, RSI=0x0000000000000000, RDI=0x0000000000000001
R8 =0x0000000000000014, R9 =0x0000000000000010, R10=0x000000080046ca78, R11=0xffffffffffffffff
R12=0x00000008004567d8, R13=0x0000000800055460, R14=0x000000080046ca78, R15=0x00000008004567d8
RIP=0x00007ff8b48deaaa, EFLAGS=0x0000000000010206

Top of Stack: (sp=0x0000003eb0dff060)
0x0000003eb0dff060:   0000000000000000 00007ff8b48dfae2
0x0000003eb0dff070:   000001bf52ef0e90 000001bf52ef22c0
0x0000003eb0dff080:   000001bf52ef22d0 000001bf52ef26a8
0x0000003eb0dff090:   0000000800061d70 0000003eb0dff398
0x0000003eb0dff0a0:   0000000800637b21 00007ff8b4acb34c
0x0000003eb0dff0b0:   0000000000000000 0000003eb0dff1b0
0x0000003eb0dff0c0:   000001bf52ef1df0 000000080046ca78
0x0000003eb0dff0d0:   0000003e00000000 0000000800638624
0x0000003eb0dff0e0:   00000008004567d8 0000000800063210
0x0000003eb0dff0f0:   000001bf52ef1df0 00007ff8b4cbd01f
0x0000003eb0dff100:   0000000000000000 00007ff8b4acb660
0x0000003eb0dff110:   0000000000000000 0000000000000000
0x0000003eb0dff120:   000001bf52ef1df0 0000000800453df0
0x0000003eb0dff130:   000001bf52ef1df0 00000008000637c8
0x0000003eb0dff140:   0000000800063210 000001bf52d940b0
0x0000003eb0dff150:   000001bf52ef1df0 0000000000000000 

Instructions: (pc=0x00007ff8b48deaaa)
0x00007ff8b48de9aa:   59 00 48 8d 0d 5d 1d 59 00 e8 f8 48 ed ff e8 a3
0x00007ff8b48de9ba:   46 30 00 c6 05 fd 1c 79 00 01 4c 8b f3 48 8b 9b
0x00007ff8b48de9ca:   78 01 00 00 41 ff c4 48 85 db 0f 85 06 ff ff ff
0x00007ff8b48de9da:   48 8b bc 24 88 00 00 00 48 8b ac 24 90 00 00 00
0x00007ff8b48de9ea:   48 83 3d 7e 1d 79 00 00 4c 8b 6c 24 40 48 8b 5c
0x00007ff8b48de9fa:   24 68 74 12 44 8b c6 48 8d 0d a8 2b 59 00 41 8b
0x00007ff8b48dea0a:   d4 e8 20 60 ff ff 48 83 3f 00 4c 8b 64 24 48 48
0x00007ff8b48dea1a:   8b 74 24 58 74 18 48 8b 94 24 98 00 00 00 49 8b
0x00007ff8b48dea2a:   cf e8 a0 c2 d3 ff 48 8b cf e8 08 c2 d3 ff 48 8b
0x00007ff8b48dea3a:   44 24 20 49 89 7f 10 48 8b 7c 24 50 49 89 6f 18
0x00007ff8b48dea4a:   48 8b 6c 24 60 49 89 47 20 4c 8b 7c 24 38 48 83
0x00007ff8b48dea5a:   c4 70 41 5e c3 cc 40 53 80 3d 57 1c 79 00 00 4c
0x00007ff8b48dea6a:   8b d2 48 8b d9 74 06 5b e9 79 c4 ff ff 44 8b 01
0x00007ff8b48dea7a:   45 33 c9 41 83 e8 01 78 3f 0f 1f 40 00 66 0f 1f
0x00007ff8b48dea8a:   84 00 00 00 00 00 43 8d 04 08 d1 f8 48 63 c8 48
0x00007ff8b48dea9a:   8b 54 cb 08 48 8b 4a 08 0f b7 51 22 48 8b 49 08
0x00007ff8b48deaaa:   4c 39 54 d1 48 73 06 44 8d 48 01 eb 06 74 0e 44
0x00007ff8b48deaba:   8d 40 ff 45 3b c8 7e ce b8 ff ff ff ff 5b c3 cc
0x00007ff8b48deaca:   cc cc cc cc cc cc 4c 8b dc 53 57 48 81 ec e8 00
0x00007ff8b48deada:   00 00 48 8b 05 dd 95 75 00 48 33 c4 48 89 84 24
0x00007ff8b48deaea:   d0 00 00 00 49 89 6b 18 33 ff 4d 89 73 e8 48 8b
0x00007ff8b48deafa:   ea 4c 8b f1 48 85 c9 75 04 8b df eb 5b 48 89 b4
0x00007ff8b48deb0a:   24 18 01 00 00 48 8b b2 38 02 00 00 48 83 7e 18
0x00007ff8b48deb1a:   f7 76 14 4c 8d 05 d4 5d 54 00 ba 08 00 00 00 48
0x00007ff8b48deb2a:   8b ce e8 1f c2 d3 ff 48 8b 5e 18 48 8d 43 08 48
0x00007ff8b48deb3a:   3b 46 20 76 14 45 33 c0 48 8b ce 41 8d 50 08 e8
0x00007ff8b48deb4a:   82 be d3 ff 48 8b d8 eb 04 48 89 46 18 48 8b b4
0x00007ff8b48deb5a:   24 18 01 00 00 4c 89 33 48 8b 0d 1f 76 7c 00 48
0x00007ff8b48deb6a:   8d 44 24 58 48 89 84 24 a8 00 00 00 48 8d 84 24
0x00007ff8b48deb7a:   99 00 00 00 48 89 84 24 b0 00 00 00 c7 44 24 38
0x00007ff8b48deb8a:   0e 00 00 00 48 89 bc 24 c8 00 00 00 c7 84 24 bc
0x00007ff8b48deb9a:   00 00 00 08 00 00 00 40 88 bc 24 c0 00 00 00 c6 


Stack slot to memory mapping:
stack at sp + 0 slots: 0x0 is NULL
stack at sp + 1 slots: 0x00007ff8b48dfae2 jvm.dll
stack at sp + 2 slots: 0x000001bf52ef0e90 points into unknown readable memory: 0x0000000000000002 | 02 00 00 00 00 00 00 00
stack at sp + 3 slots: 0x000001bf52ef22c0 points into unknown readable memory: 0x0000000000000000 | 00 00 00 00 00 00 00 00
stack at sp + 4 slots: 0x000001bf52ef22d0 points into unknown readable memory: 0x6e616c2e6176616a | 6a 61 76 61 2e 6c 61 6e
stack at sp + 5 slots: 0x000001bf52ef26a8 points into unknown readable memory: 0x10195ed9539b72e5 | e5 72 9b 53 d9 5e 19 10
stack at sp + 6 slots: 0x0000000800061d70 is a pointer to class: 
java.lang.ref.FinalReference {0x0000000800061d78}
 - instance size:     4
 - klass size:        72
 - access:            synchronized 
 - state:             fully_initialized
 - name:              'java/lang/ref/FinalReference'
 - super:             'java/lang/ref/Reference'
 - sub:               'java/lang/ref/Finalizer'   
 - arrays:            NULL
 - methods:           Array<T>(0x00000008006386e8)
 - method ordering:   Array<T>(0x0000000800638778)
 - default_methods:   Array<T>(0x0000000000000000)
 - local interfaces:  Array<T>(0x00000008005cfce8)
 - trans. interfaces: Array<T>(0x00000008005cfce8)
 - constants:         constant pool [47] {0x0000000800637b48} for 'java/lang/ref/FinalReference' cache=0x00000008003c1200
 - class loader data:  loader data: 0x000001bf52db5d50 of 'bootstrap'
 - source file:       'FinalReference.java'
 - class annotations:       Array<T>(0x0000000000000000)
 - class type annotations:  Array<T>(0x0000000000000000)
 - field annotations:       Array<T>(0x0000000000000000)
 - field type annotations:  Array<T>(0x0000000000000000)
 - generic signature: '<T:Ljava/lang/Object;>Ljava/lang/ref/Reference<TT;>;'
 - inner classes:     Array<T>(0x00000008005cfc78)
 - nest members:     Array<T>(0x00000008005cfc78)
 - permitted subclasses:     Array<T>(0x00000008005cfc78)
 - java mirror:       a 'java/lang/Class'{0x00000000844363f0} = 'java/lang/ref/FinalReference'
 - vtable length      12  (start addr: 0x0000000800061f38)
 - itable length      2 (start addr: 0x0000000800061f98)
 - ---- static fields (0 words):
 - ---- non-static fields (4 words):
 - private 'referent' 'Ljava/lang/Object;' @12 
 - volatile 'queue' 'Ljava/lang/ref/ReferenceQueue;' @16 
 - volatile 'next' 'Ljava/lang/ref/Reference;' @20 
 - private transient 'discovered' 'Ljava/lang/ref/Reference;' @24 
 - non-static oop maps: 16-20 
stack at sp + 7 slots: 0x0000003eb0dff398 is pointing into the stack for thread: 0x000001bf52ef1df0


---------------  P R O C E S S  ---------------

Threads class SMR info:
_java_thread_list=0x000001bf583a4ba0, length=31, elements={
0x000001bf52ef1530, 0x000001bf52ef1df0, 0x000001bf52f0a2e0, 0x000001bf52f2cbc0,
0x000001bf52f2e490, 0x000001bf52f2ed50, 0x000001bf52f2f7d0, 0x000001bf52f33880,
0x000001bf52ed7a20, 0x000001bf53d89eb0, 0x000001bf53f002b0, 0x000001bf557a1150,
0x000001bf55f2c450, 0x000001bf55f2c920, 0x000001bf55fcc9c0, 0x000001bf56256560,
0x000001bf56255bc0, 0x000001bf56254d50, 0x000001bf56253ee0, 0x000001bf562543b0,
0x000001bf56255220, 0x000001bf56256090, 0x000001bf56256a30, 0x000001bf56253070,
0x000001bf56253a10, 0x000001bf5879e670, 0x000001bf5879b650, 0x000001bf5879d330,
0x000001bf5879f010, 0x000001bf5879bff0, 0x000001bf5879f9b0
}

Java Threads: ( => current thread )
  0x000001bf52ef1530 JavaThread "Reference Handler" daemon [_thread_blocked, id=3240, stack(0x0000003eb0c00000,0x0000003eb0d00000)]
=>0x000001bf52ef1df0 JavaThread "Finalizer" daemon [_thread_in_vm, id=6152, stack(0x0000003eb0d00000,0x0000003eb0e00000)]
  0x000001bf52f0a2e0 JavaThread "Signal Dispatcher" daemon [_thread_blocked, id=12468, stack(0x0000003eb0e00000,0x0000003eb0f00000)]
  0x000001bf52f2cbc0 JavaThread "Attach Listener" daemon [_thread_blocked, id=20476, stack(0x0000003eb0f00000,0x0000003eb1000000)]
  0x000001bf52f2e490 JavaThread "Service Thread" daemon [_thread_blocked, id=936, stack(0x0000003eb1000000,0x0000003eb1100000)]
  0x000001bf52f2ed50 JavaThread "Monitor Deflation Thread" daemon [_thread_blocked, id=15164, stack(0x0000003eb1100000,0x0000003eb1200000)]
  0x000001bf52f2f7d0 JavaThread "C1 CompilerThread0" daemon [_thread_blocked, id=5372, stack(0x0000003eb1200000,0x0000003eb1300000)]
  0x000001bf52f33880 JavaThread "Sweeper thread" daemon [_thread_blocked, id=5524, stack(0x0000003eb1300000,0x0000003eb1400000)]
  0x000001bf52ed7a20 JavaThread "Common-Cleaner" daemon [_thread_blocked, id=10864, stack(0x0000003eb1400000,0x0000003eb1500000)]
  0x000001bf53d89eb0 JavaThread "Notification Thread" daemon [_thread_blocked, id=18228, stack(0x0000003eb1700000,0x0000003eb1800000)]
  0x000001bf53f002b0 JavaThread "RMI TCP Accept-0" daemon [_thread_in_native, id=13460, stack(0x0000003eb1800000,0x0000003eb1900000)]
  0x000001bf557a1150 JavaThread "RMI Scheduler(0)" daemon [_thread_blocked, id=1296, stack(0x0000003eb2700000,0x0000003eb2800000)]
  0x000001bf55f2c450 JavaThread "Catalina-utility-1" [_thread_blocked, id=13596, stack(0x0000003eb2900000,0x0000003eb2a00000)]
  0x000001bf55f2c920 JavaThread "Catalina-utility-2" [_thread_blocked, id=18108, stack(0x0000003eb2a00000,0x0000003eb2b00000)]
  0x000001bf55fcc9c0 JavaThread "container-0" [_thread_blocked, id=1700, stack(0x0000003eb2b00000,0x0000003eb2c00000)]
  0x000001bf56256560 JavaThread "HikariPool-1 housekeeper" daemon [_thread_blocked, id=4308, stack(0x0000003eb2300000,0x0000003eb2400000)]
  0x000001bf56255bc0 JavaThread "File Watcher" daemon [_thread_blocked, id=19068, stack(0x0000003eb3000000,0x0000003eb3100000)]
  0x000001bf56254d50 JavaThread "Live Reload Server" daemon [_thread_in_native, id=18164, stack(0x0000003eb3100000,0x0000003eb3200000)]
  0x000001bf56253ee0 JavaThread "http-nio-8080-exec-1" daemon [_thread_blocked, id=9304, stack(0x0000003eb3200000,0x0000003eb3300000)]
  0x000001bf562543b0 JavaThread "http-nio-8080-exec-2" daemon [_thread_blocked, id=14528, stack(0x0000003eb3300000,0x0000003eb3400000)]
  0x000001bf56255220 JavaThread "http-nio-8080-exec-3" daemon [_thread_blocked, id=4972, stack(0x0000003eb3400000,0x0000003eb3500000)]
  0x000001bf56256090 JavaThread "http-nio-8080-exec-4" daemon [_thread_blocked, id=17260, stack(0x0000003eb3500000,0x0000003eb3600000)]
  0x000001bf56256a30 JavaThread "http-nio-8080-exec-5" daemon [_thread_blocked, id=4688, stack(0x0000003eb3600000,0x0000003eb3700000)]
  0x000001bf56253070 JavaThread "http-nio-8080-exec-6" daemon [_thread_blocked, id=14316, stack(0x0000003eb3700000,0x0000003eb3800000)]
  0x000001bf56253a10 JavaThread "http-nio-8080-exec-7" daemon [_thread_blocked, id=4696, stack(0x0000003eb3800000,0x0000003eb3900000)]
  0x000001bf5879e670 JavaThread "http-nio-8080-exec-8" daemon [_thread_blocked, id=4904, stack(0x0000003eb3900000,0x0000003eb3a00000)]
  0x000001bf5879b650 JavaThread "http-nio-8080-exec-9" daemon [_thread_blocked, id=19112, stack(0x0000003eb3a00000,0x0000003eb3b00000)]
  0x000001bf5879d330 JavaThread "http-nio-8080-exec-10" daemon [_thread_blocked, id=19116, stack(0x0000003eb3b00000,0x0000003eb3c00000)]
  0x000001bf5879f010 JavaThread "http-nio-8080-Poller" daemon [_thread_in_native, id=17380, stack(0x0000003eb3c00000,0x0000003eb3d00000)]
  0x000001bf5879bff0 JavaThread "http-nio-8080-Acceptor" daemon [_thread_in_native, id=5136, stack(0x0000003eb3d00000,0x0000003eb3e00000)]
  0x000001bf5879f9b0 JavaThread "DestroyJavaVM" [_thread_blocked, id=20176, stack(0x0000003eb0500000,0x0000003eb0600000)]

Other Threads:
  0x000001bf52ee9870 VMThread "VM Thread" [stack: 0x0000003eb0b00000,0x0000003eb0c00000] [id=10940]
  0x000001bf411c1d20 WatcherThread [stack: 0x0000003eb1900000,0x0000003eb1a00000] [id=14908]
  0x000001bf4121a730 GCTaskThread "GC Thread#0" [stack: 0x0000003eb0600000,0x0000003eb0700000] [id=10680]
  0x000001bf54245e70 GCTaskThread "GC Thread#1" [stack: 0x0000003eb1b00000,0x0000003eb1c00000] [id=7892]
  0x000001bf54246120 GCTaskThread "GC Thread#2" [stack: 0x0000003eb1c00000,0x0000003eb1d00000] [id=12868]
  0x000001bf54246be0 GCTaskThread "GC Thread#3" [stack: 0x0000003eb1d00000,0x0000003eb1e00000] [id=1036]
  0x000001bf54265f80 GCTaskThread "GC Thread#4" [stack: 0x0000003eb1e00000,0x0000003eb1f00000] [id=12968]
  0x000001bf54266850 GCTaskThread "GC Thread#5" [stack: 0x0000003eb1f00000,0x0000003eb2000000] [id=18204]
  0x000001bf54266b00 GCTaskThread "GC Thread#6" [stack: 0x0000003eb2000000,0x0000003eb2100000] [id=6116]
  0x000001bf5440c890 GCTaskThread "GC Thread#7" [stack: 0x0000003eb2500000,0x0000003eb2600000] [id=13380]
  0x000001bf4122adf0 ConcurrentGCThread "G1 Main Marker" [stack: 0x0000003eb0700000,0x0000003eb0800000] [id=13108]
  0x000001bf4122b710 ConcurrentGCThread "G1 Conc#0" [stack: 0x0000003eb0800000,0x0000003eb0900000] [id=18752]
  0x000001bf558b9460 ConcurrentGCThread "G1 Conc#1" [stack: 0x0000003eb2800000,0x0000003eb2900000] [id=4264]
  0x000001bf52d924b0 ConcurrentGCThread "G1 Refine#0" [stack: 0x0000003eb0900000,0x0000003eb0a00000] [id=8132]
  0x000001bf53b39dc0 ConcurrentGCThread "G1 Refine#1" [stack: 0x0000003eb2100000,0x0000003eb2200000] [id=14900]
  0x000001bf4127e2c0 ConcurrentGCThread "G1 Service" [stack: 0x0000003eb0a00000,0x0000003eb0b00000] [id=10936]

Threads with active compile tasks:

VM state: not at safepoint (normal execution)

VM Mutex/Monitor currently owned by a thread: None

Heap address: 0x0000000084000000, size: 1984 MB, Compressed Oops mode: 32-bit

CDS archive(s) mapped at: [0x0000000800000000-0x0000000800bd0000-0x0000000800bd0000), size 12386304, SharedBaseAddress: 0x0000000800000000, ArchiveRelocationMode: 0.
Compressed class space mapped at: 0x0000000800c00000-0x0000000840c00000, reserved size: 1073741824
Narrow klass base: 0x0000000800000000, Narrow klass shift: 0, Narrow klass range: 0x100000000

GC Precious Log:
 CPUs: 8 total, 8 available
 Memory: 7934M
 Large Page Support: Disabled
 NUMA Support: Disabled
 Compressed Oops: Enabled (32-bit)
 Heap Region Size: 1M
 Heap Min Capacity: 8M
 Heap Initial Capacity: 124M
 Heap Max Capacity: 1984M
 Pre-touch: Disabled
 Parallel Workers: 8
 Concurrent Workers: 2
 Concurrent Refinement Workers: 8
 Periodic GC: Disabled

Heap:
 garbage-first heap   total 165888K, used 42245K [0x0000000084000000, 0x0000000100000000)
  region size 1024K, 8 young (8192K), 7 survivors (7168K)
 Metaspace       used 68941K, committed 69696K, reserved 1114112K
  class space    used 9536K, committed 9920K, reserved 1048576K

Heap Regions: E=young(eden), S=young(survivor), O=old, HS=humongous(starts), HC=humongous(continues), CS=collection set, F=free, OA=open archive, CA=closed archive, TAMS=top-at-mark-start (previous, next)
|   0|0x0000000084000000, 0x0000000084100000, 0x0000000084100000|100%|HS|  |TAMS 0x0000000084100000, 0x0000000084000000| Complete 
|   1|0x0000000084100000, 0x0000000084200000, 0x0000000084200000|100%| O|  |TAMS 0x0000000084200000, 0x0000000084100000| Untracked 
|   2|0x0000000084200000, 0x0000000084300000, 0x0000000084300000|100%| O|  |TAMS 0x0000000084300000, 0x0000000084200000| Untracked 
|   3|0x0000000084300000, 0x0000000084400000, 0x0000000084400000|100%| O|  |TAMS 0x0000000084400000, 0x0000000084300000| Untracked 
|   4|0x0000000084400000, 0x0000000084500000, 0x0000000084500000|100%| O|  |TAMS 0x0000000084500000, 0x0000000084400000| Untracked 
|   5|0x0000000084500000, 0x0000000084600000, 0x0000000084600000|100%| O|  |TAMS 0x0000000084600000, 0x0000000084500000| Untracked 
|   6|0x0000000084600000, 0x0000000084700000, 0x0000000084700000|100%| O|  |TAMS 0x0000000084700000, 0x0000000084600000| Untracked 
|   7|0x0000000084700000, 0x0000000084800000, 0x0000000084800000|100%| O|  |TAMS 0x0000000084800000, 0x0000000084700000| Untracked 
|   8|0x0000000084800000, 0x0000000084900000, 0x0000000084900000|100%| O|  |TAMS 0x0000000084900000, 0x0000000084800000| Untracked 
|   9|0x0000000084900000, 0x0000000084a00000, 0x0000000084a00000|100%| O|  |TAMS 0x0000000084a00000, 0x0000000084900000| Untracked 
|  10|0x0000000084a00000, 0x0000000084b00000, 0x0000000084b00000|100%| O|  |TAMS 0x0000000084b00000, 0x0000000084a00000| Untracked 
|  11|0x0000000084b00000, 0x0000000084c00000, 0x0000000084c00000|100%| O|  |TAMS 0x0000000084c00000, 0x0000000084b00000| Untracked 
|  12|0x0000000084c00000, 0x0000000084d00000, 0x0000000084d00000|100%| O|  |TAMS 0x0000000084d00000, 0x0000000084c00000| Untracked 
|  13|0x0000000084d00000, 0x0000000084e00000, 0x0000000084e00000|100%| O|  |TAMS 0x0000000084e00000, 0x0000000084d00000| Untracked 
|  14|0x0000000084e00000, 0x0000000084f00000, 0x0000000084f00000|100%| O|  |TAMS 0x0000000084f00000, 0x0000000084e00000| Untracked 
|  15|0x0000000084f00000, 0x0000000085000000, 0x0000000085000000|100%| O|  |TAMS 0x0000000085000000, 0x0000000084f00000| Untracked 
|  16|0x0000000085000000, 0x0000000085100000, 0x0000000085100000|100%| O|  |TAMS 0x0000000085100000, 0x0000000085000000| Untracked 
|  17|0x0000000085100000, 0x00000000851a7200, 0x0000000085200000| 65%| O|  |TAMS 0x0000000085100000, 0x0000000085100000| Untracked 
|  18|0x0000000085200000, 0x0000000085300000, 0x0000000085300000|100%| O|  |TAMS 0x0000000085300000, 0x0000000085200000| Untracked 
|  19|0x0000000085300000, 0x0000000085400000, 0x0000000085400000|100%| O|  |TAMS 0x0000000085400000, 0x0000000085300000| Untracked 
|  20|0x0000000085400000, 0x0000000085500000, 0x0000000085500000|100%| O|  |TAMS 0x0000000085500000, 0x0000000085400000| Untracked 
|  21|0x0000000085500000, 0x0000000085600000, 0x0000000085600000|100%| O|  |TAMS 0x0000000085600000, 0x0000000085500000| Untracked 
|  22|0x0000000085600000, 0x0000000085700000, 0x0000000085700000|100%| O|  |TAMS 0x0000000085700000, 0x0000000085600000| Untracked 
|  23|0x0000000085700000, 0x0000000085800000, 0x0000000085800000|100%| O|  |TAMS 0x0000000085800000, 0x0000000085700000| Untracked 
|  24|0x0000000085800000, 0x0000000085900000, 0x0000000085900000|100%| O|  |TAMS 0x0000000085900000, 0x0000000085800000| Untracked 
|  25|0x0000000085900000, 0x0000000085a00000, 0x0000000085a00000|100%| O|  |TAMS 0x0000000085a00000, 0x0000000085900000| Untracked 
|  26|0x0000000085a00000, 0x0000000085b00000, 0x0000000085b00000|100%| O|  |TAMS 0x0000000085ae8800, 0x0000000085a00000| Untracked 
|  27|0x0000000085b00000, 0x0000000085c00000, 0x0000000085c00000|100%| O|  |TAMS 0x0000000085b00000, 0x0000000085b00000| Untracked 
|  28|0x0000000085c00000, 0x0000000085d00000, 0x0000000085d00000|100%| O|  |TAMS 0x0000000085c00000, 0x0000000085c00000| Untracked 
|  29|0x0000000085d00000, 0x0000000085e00000, 0x0000000085e00000|100%| O|  |TAMS 0x0000000085d00000, 0x0000000085d00000| Untracked 
|  30|0x0000000085e00000, 0x0000000085f00000, 0x0000000085f00000|100%| O|  |TAMS 0x0000000085e00000, 0x0000000085e00000| Untracked 
|  31|0x0000000085f00000, 0x0000000086000000, 0x0000000086000000|100%| O|  |TAMS 0x0000000085f00000, 0x0000000085f00000| Untracked 
|  32|0x0000000086000000, 0x0000000086100000, 0x0000000086100000|100%| O|  |TAMS 0x0000000086000000, 0x0000000086000000| Untracked 
|  33|0x0000000086100000, 0x0000000086200000, 0x0000000086200000|100%| O|  |TAMS 0x0000000086100000, 0x0000000086100000| Untracked 
|  34|0x0000000086200000, 0x0000000086300000, 0x0000000086300000|100%| O|  |TAMS 0x0000000086200000, 0x0000000086200000| Untracked 
|  35|0x0000000086300000, 0x0000000086300000, 0x0000000086400000|  0%| F|  |TAMS 0x0000000086300000, 0x0000000086300000| Untracked 
|  36|0x0000000086400000, 0x0000000086400000, 0x0000000086500000|  0%| F|  |TAMS 0x0000000086400000, 0x0000000086400000| Untracked 
|  37|0x0000000086500000, 0x0000000086500000, 0x0000000086600000|  0%| F|  |TAMS 0x0000000086500000, 0x0000000086500000| Untracked 
|  38|0x0000000086600000, 0x0000000086600000, 0x0000000086700000|  0%| F|  |TAMS 0x0000000086600000, 0x0000000086600000| Untracked 
|  39|0x0000000086700000, 0x0000000086700000, 0x0000000086800000|  0%| F|  |TAMS 0x0000000086700000, 0x0000000086700000| Untracked 
|  40|0x0000000086800000, 0x0000000086800000, 0x0000000086900000|  0%| F|  |TAMS 0x0000000086800000, 0x0000000086800000| Untracked 
|  41|0x0000000086900000, 0x0000000086900000, 0x0000000086a00000|  0%| F|  |TAMS 0x0000000086900000, 0x0000000086900000| Untracked 
|  42|0x0000000086a00000, 0x0000000086a00000, 0x0000000086b00000|  0%| F|  |TAMS 0x0000000086a00000, 0x0000000086a00000| Untracked 
|  43|0x0000000086b00000, 0x0000000086b00000, 0x0000000086c00000|  0%| F|  |TAMS 0x0000000086b00000, 0x0000000086b00000| Untracked 
|  44|0x0000000086c00000, 0x0000000086c00000, 0x0000000086d00000|  0%| F|  |TAMS 0x0000000086c00000, 0x0000000086c00000| Untracked 
|  45|0x0000000086d00000, 0x0000000086d00000, 0x0000000086e00000|  0%| F|  |TAMS 0x0000000086d00000, 0x0000000086d00000| Untracked 
|  46|0x0000000086e00000, 0x0000000086e00000, 0x0000000086f00000|  0%| F|  |TAMS 0x0000000086e00000, 0x0000000086e00000| Untracked 
|  47|0x0000000086f00000, 0x0000000086f00000, 0x0000000087000000|  0%| F|  |TAMS 0x0000000086f00000, 0x0000000086f00000| Untracked 
|  48|0x0000000087000000, 0x0000000087000000, 0x0000000087100000|  0%| F|  |TAMS 0x0000000087000000, 0x0000000087000000| Untracked 
|  49|0x0000000087100000, 0x0000000087100000, 0x0000000087200000|  0%| F|  |TAMS 0x0000000087100000, 0x0000000087100000| Untracked 
|  50|0x0000000087200000, 0x0000000087200000, 0x0000000087300000|  0%| F|  |TAMS 0x0000000087200000, 0x0000000087200000| Untracked 
|  51|0x0000000087300000, 0x0000000087300000, 0x0000000087400000|  0%| F|  |TAMS 0x0000000087300000, 0x0000000087300000| Untracked 
|  52|0x0000000087400000, 0x0000000087400000, 0x0000000087500000|  0%| F|  |TAMS 0x0000000087400000, 0x0000000087400000| Untracked 
|  53|0x0000000087500000, 0x0000000087500000, 0x0000000087600000|  0%| F|  |TAMS 0x0000000087500000, 0x0000000087500000| Untracked 
|  54|0x0000000087600000, 0x0000000087600000, 0x0000000087700000|  0%| F|  |TAMS 0x0000000087600000, 0x0000000087600000| Untracked 
|  55|0x0000000087700000, 0x0000000087700000, 0x0000000087800000|  0%| F|  |TAMS 0x0000000087700000, 0x0000000087700000| Untracked 
|  56|0x0000000087800000, 0x0000000087800000, 0x0000000087900000|  0%| F|  |TAMS 0x0000000087800000, 0x0000000087800000| Untracked 
|  57|0x0000000087900000, 0x0000000087900000, 0x0000000087a00000|  0%| F|  |TAMS 0x0000000087900000, 0x0000000087900000| Untracked 
|  58|0x0000000087a00000, 0x0000000087a9a250, 0x0000000087b00000| 60%| S|CS|TAMS 0x0000000087a00000, 0x0000000087a00000| Complete 
|  59|0x0000000087b00000, 0x0000000087b00000, 0x0000000087c00000|  0%| F|  |TAMS 0x0000000087b00000, 0x0000000087b00000| Untracked 
|  60|0x0000000087c00000, 0x0000000087c00000, 0x0000000087d00000|  0%| F|  |TAMS 0x0000000087c00000, 0x0000000087c00000| Untracked 
|  61|0x0000000087d00000, 0x0000000087d00000, 0x0000000087e00000|  0%| F|  |TAMS 0x0000000087d00000, 0x0000000087d00000| Untracked 
|  62|0x0000000087e00000, 0x0000000087e00000, 0x0000000087f00000|  0%| F|  |TAMS 0x0000000087e00000, 0x0000000087e00000| Untracked 
|  63|0x0000000087f00000, 0x0000000087f00000, 0x0000000088000000|  0%| F|  |TAMS 0x0000000087f00000, 0x0000000087f00000| Untracked 
|  64|0x0000000088000000, 0x0000000088000000, 0x0000000088100000|  0%| F|  |TAMS 0x0000000088000000, 0x0000000088000000| Untracked 
|  65|0x0000000088100000, 0x0000000088200000, 0x0000000088200000|100%| S|CS|TAMS 0x0000000088100000, 0x0000000088100000| Complete 
|  66|0x0000000088200000, 0x0000000088300000, 0x0000000088300000|100%| S|CS|TAMS 0x0000000088200000, 0x0000000088200000| Complete 
|  67|0x0000000088300000, 0x0000000088400000, 0x0000000088400000|100%| S|CS|TAMS 0x0000000088300000, 0x0000000088300000| Complete 
|  68|0x0000000088400000, 0x0000000088500000, 0x0000000088500000|100%| S|CS|TAMS 0x0000000088400000, 0x0000000088400000| Complete 
|  69|0x0000000088500000, 0x0000000088600000, 0x0000000088600000|100%| S|CS|TAMS 0x0000000088500000, 0x0000000088500000| Complete 
|  70|0x0000000088600000, 0x0000000088700000, 0x0000000088700000|100%| S|CS|TAMS 0x0000000088600000, 0x0000000088600000| Complete 
|  71|0x0000000088700000, 0x0000000088700000, 0x0000000088800000|  0%| F|  |TAMS 0x0000000088700000, 0x0000000088700000| Untracked 
|  72|0x0000000088800000, 0x0000000088800000, 0x0000000088900000|  0%| F|  |TAMS 0x0000000088800000, 0x0000000088800000| Untracked 
|  73|0x0000000088900000, 0x0000000088900000, 0x0000000088a00000|  0%| F|  |TAMS 0x0000000088900000, 0x0000000088900000| Untracked 
|  74|0x0000000088a00000, 0x0000000088a00000, 0x0000000088b00000|  0%| F|  |TAMS 0x0000000088a00000, 0x0000000088a00000| Untracked 
|  75|0x0000000088b00000, 0x0000000088b00000, 0x0000000088c00000|  0%| F|  |TAMS 0x0000000088b00000, 0x0000000088b00000| Untracked 
|  76|0x0000000088c00000, 0x0000000088c00000, 0x0000000088d00000|  0%| F|  |TAMS 0x0000000088c00000, 0x0000000088c00000| Untracked 
|  77|0x0000000088d00000, 0x0000000088d00000, 0x0000000088e00000|  0%| F|  |TAMS 0x0000000088d00000, 0x0000000088d00000| Untracked 
|  78|0x0000000088e00000, 0x0000000088e00000, 0x0000000088f00000|  0%| F|  |TAMS 0x0000000088e00000, 0x0000000088e00000| Untracked 
|  79|0x0000000088f00000, 0x0000000088f00000, 0x0000000089000000|  0%| F|  |TAMS 0x0000000088f00000, 0x0000000088f00000| Untracked 
|  80|0x0000000089000000, 0x0000000089000000, 0x0000000089100000|  0%| F|  |TAMS 0x0000000089000000, 0x0000000089000000| Untracked 
|  81|0x0000000089100000, 0x0000000089100000, 0x0000000089200000|  0%| F|  |TAMS 0x0000000089100000, 0x0000000089100000| Untracked 
|  82|0x0000000089200000, 0x0000000089200000, 0x0000000089300000|  0%| F|  |TAMS 0x0000000089200000, 0x0000000089200000| Untracked 
|  83|0x0000000089300000, 0x0000000089300000, 0x0000000089400000|  0%| F|  |TAMS 0x0000000089300000, 0x0000000089300000| Untracked 
|  84|0x0000000089400000, 0x0000000089400000, 0x0000000089500000|  0%| F|  |TAMS 0x0000000089400000, 0x0000000089400000| Untracked 
|  85|0x0000000089500000, 0x0000000089500000, 0x0000000089600000|  0%| F|  |TAMS 0x0000000089500000, 0x0000000089500000| Untracked 
|  86|0x0000000089600000, 0x0000000089600000, 0x0000000089700000|  0%| F|  |TAMS 0x0000000089600000, 0x0000000089600000| Untracked 
|  87|0x0000000089700000, 0x0000000089700000, 0x0000000089800000|  0%| F|  |TAMS 0x0000000089700000, 0x0000000089700000| Untracked 
|  88|0x0000000089800000, 0x0000000089800000, 0x0000000089900000|  0%| F|  |TAMS 0x0000000089800000, 0x0000000089800000| Untracked 
|  89|0x0000000089900000, 0x0000000089900000, 0x0000000089a00000|  0%| F|  |TAMS 0x0000000089900000, 0x0000000089900000| Untracked 
|  90|0x0000000089a00000, 0x0000000089a00000, 0x0000000089b00000|  0%| F|  |TAMS 0x0000000089a00000, 0x0000000089a00000| Untracked 
|  91|0x0000000089b00000, 0x0000000089b00000, 0x0000000089c00000|  0%| F|  |TAMS 0x0000000089b00000, 0x0000000089b00000| Untracked 
|  92|0x0000000089c00000, 0x0000000089c00000, 0x0000000089d00000|  0%| F|  |TAMS 0x0000000089c00000, 0x0000000089c00000| Untracked 
|  93|0x0000000089d00000, 0x0000000089d00000, 0x0000000089e00000|  0%| F|  |TAMS 0x0000000089d00000, 0x0000000089d00000| Untracked 
|  94|0x0000000089e00000, 0x0000000089e00000, 0x0000000089f00000|  0%| F|  |TAMS 0x0000000089e00000, 0x0000000089e00000| Untracked 
|  95|0x0000000089f00000, 0x0000000089f00000, 0x000000008a000000|  0%| F|  |TAMS 0x0000000089f00000, 0x0000000089f00000| Untracked 
|  96|0x000000008a000000, 0x000000008a000000, 0x000000008a100000|  0%| F|  |TAMS 0x000000008a000000, 0x000000008a000000| Untracked 
|  97|0x000000008a100000, 0x000000008a100000, 0x000000008a200000|  0%| F|  |TAMS 0x000000008a100000, 0x000000008a100000| Untracked 
|  98|0x000000008a200000, 0x000000008a200000, 0x000000008a300000|  0%| F|  |TAMS 0x000000008a200000, 0x000000008a200000| Untracked 
|  99|0x000000008a300000, 0x000000008a300000, 0x000000008a400000|  0%| F|  |TAMS 0x000000008a300000, 0x000000008a300000| Untracked 
| 100|0x000000008a400000, 0x000000008a400000, 0x000000008a500000|  0%| F|  |TAMS 0x000000008a400000, 0x000000008a400000| Untracked 
| 101|0x000000008a500000, 0x000000008a500000, 0x000000008a600000|  0%| F|  |TAMS 0x000000008a500000, 0x000000008a500000| Untracked 
| 102|0x000000008a600000, 0x000000008a600000, 0x000000008a700000|  0%| F|  |TAMS 0x000000008a600000, 0x000000008a600000| Untracked 
| 103|0x000000008a700000, 0x000000008a700000, 0x000000008a800000|  0%| F|  |TAMS 0x000000008a700000, 0x000000008a700000| Untracked 
| 104|0x000000008a800000, 0x000000008a800000, 0x000000008a900000|  0%| F|  |TAMS 0x000000008a800000, 0x000000008a800000| Untracked 
| 105|0x000000008a900000, 0x000000008a900000, 0x000000008aa00000|  0%| F|  |TAMS 0x000000008a900000, 0x000000008a900000| Untracked 
| 106|0x000000008aa00000, 0x000000008aa00000, 0x000000008ab00000|  0%| F|  |TAMS 0x000000008aa00000, 0x000000008aa00000| Untracked 
| 107|0x000000008ab00000, 0x000000008ab00000, 0x000000008ac00000|  0%| F|  |TAMS 0x000000008ab00000, 0x000000008ab00000| Untracked 
| 108|0x000000008ac00000, 0x000000008ac00000, 0x000000008ad00000|  0%| F|  |TAMS 0x000000008ac00000, 0x000000008ac00000| Untracked 
| 109|0x000000008ad00000, 0x000000008ad00000, 0x000000008ae00000|  0%| F|  |TAMS 0x000000008ad00000, 0x000000008ad00000| Untracked 
| 110|0x000000008ae00000, 0x000000008ae00000, 0x000000008af00000|  0%| F|  |TAMS 0x000000008ae00000, 0x000000008ae00000| Untracked 
| 111|0x000000008af00000, 0x000000008af00000, 0x000000008b000000|  0%| F|  |TAMS 0x000000008af00000, 0x000000008af00000| Untracked 
| 112|0x000000008b000000, 0x000000008b000000, 0x000000008b100000|  0%| F|  |TAMS 0x000000008b000000, 0x000000008b000000| Untracked 
| 113|0x000000008b100000, 0x000000008b100000, 0x000000008b200000|  0%| F|  |TAMS 0x000000008b100000, 0x000000008b100000| Untracked 
| 114|0x000000008b200000, 0x000000008b200000, 0x000000008b300000|  0%| F|  |TAMS 0x000000008b200000, 0x000000008b200000| Untracked 
| 115|0x000000008b300000, 0x000000008b300000, 0x000000008b400000|  0%| F|  |TAMS 0x000000008b300000, 0x000000008b300000| Untracked 
| 116|0x000000008b400000, 0x000000008b400000, 0x000000008b500000|  0%| F|  |TAMS 0x000000008b400000, 0x000000008b400000| Untracked 
| 117|0x000000008b500000, 0x000000008b500000, 0x000000008b600000|  0%| F|  |TAMS 0x000000008b500000, 0x000000008b500000| Untracked 
| 118|0x000000008b600000, 0x000000008b600000, 0x000000008b700000|  0%| F|  |TAMS 0x000000008b600000, 0x000000008b600000| Untracked 
| 119|0x000000008b700000, 0x000000008b700000, 0x000000008b800000|  0%| F|  |TAMS 0x000000008b700000, 0x000000008b700000| Untracked 
| 120|0x000000008b800000, 0x000000008b800000, 0x000000008b900000|  0%| F|  |TAMS 0x000000008b800000, 0x000000008b800000| Untracked 
| 121|0x000000008b900000, 0x000000008b900000, 0x000000008ba00000|  0%| F|  |TAMS 0x000000008b900000, 0x000000008b900000| Untracked 
| 122|0x000000008ba00000, 0x000000008ba00000, 0x000000008bb00000|  0%| F|  |TAMS 0x000000008ba00000, 0x000000008ba00000| Untracked 
| 123|0x000000008bb00000, 0x000000008bb00000, 0x000000008bc00000|  0%| F|  |TAMS 0x000000008bb00000, 0x000000008bb00000| Untracked 
| 124|0x000000008bc00000, 0x000000008bc00000, 0x000000008bd00000|  0%| F|  |TAMS 0x000000008bc00000, 0x000000008bc00000| Untracked 
| 125|0x000000008bd00000, 0x000000008bd00000, 0x000000008be00000|  0%| F|  |TAMS 0x000000008bd00000, 0x000000008bd00000| Untracked 
| 126|0x000000008be00000, 0x000000008be00000, 0x000000008bf00000|  0%| F|  |TAMS 0x000000008be00000, 0x000000008be00000| Untracked 
| 127|0x000000008bf00000, 0x000000008bf00000, 0x000000008c000000|  0%| F|  |TAMS 0x000000008bf00000, 0x000000008bf00000| Untracked 
| 128|0x000000008c000000, 0x000000008c000000, 0x000000008c100000|  0%| F|  |TAMS 0x000000008c000000, 0x000000008c000000| Untracked 
| 129|0x000000008c100000, 0x000000008c100000, 0x000000008c200000|  0%| F|  |TAMS 0x000000008c100000, 0x000000008c100000| Untracked 
| 130|0x000000008c200000, 0x000000008c200000, 0x000000008c300000|  0%| F|  |TAMS 0x000000008c200000, 0x000000008c200000| Untracked 
| 131|0x000000008c300000, 0x000000008c300000, 0x000000008c400000|  0%| F|  |TAMS 0x000000008c300000, 0x000000008c300000| Untracked 
| 132|0x000000008c400000, 0x000000008c400000, 0x000000008c500000|  0%| F|  |TAMS 0x000000008c400000, 0x000000008c400000| Untracked 
| 133|0x000000008c500000, 0x000000008c500000, 0x000000008c600000|  0%| F|  |TAMS 0x000000008c500000, 0x000000008c500000| Untracked 
| 134|0x000000008c600000, 0x000000008c600000, 0x000000008c700000|  0%| F|  |TAMS 0x000000008c600000, 0x000000008c600000| Untracked 
| 135|0x000000008c700000, 0x000000008c700000, 0x000000008c800000|  0%| F|  |TAMS 0x000000008c700000, 0x000000008c700000| Untracked 
| 136|0x000000008c800000, 0x000000008c800000, 0x000000008c900000|  0%| F|  |TAMS 0x000000008c800000, 0x000000008c800000| Untracked 
| 137|0x000000008c900000, 0x000000008c900000, 0x000000008ca00000|  0%| F|  |TAMS 0x000000008c900000, 0x000000008c900000| Untracked 
| 138|0x000000008ca00000, 0x000000008ca00000, 0x000000008cb00000|  0%| F|  |TAMS 0x000000008ca00000, 0x000000008ca00000| Untracked 
| 139|0x000000008cb00000, 0x000000008cb00000, 0x000000008cc00000|  0%| F|  |TAMS 0x000000008cb00000, 0x000000008cb00000| Untracked 
| 140|0x000000008cc00000, 0x000000008cc00000, 0x000000008cd00000|  0%| F|  |TAMS 0x000000008cc00000, 0x000000008cc00000| Untracked 
| 141|0x000000008cd00000, 0x000000008cd00000, 0x000000008ce00000|  0%| F|  |TAMS 0x000000008cd00000, 0x000000008cd00000| Untracked 
| 142|0x000000008ce00000, 0x000000008ce00000, 0x000000008cf00000|  0%| F|  |TAMS 0x000000008ce00000, 0x000000008ce00000| Untracked 
| 143|0x000000008cf00000, 0x000000008cf00000, 0x000000008d000000|  0%| F|  |TAMS 0x000000008cf00000, 0x000000008cf00000| Untracked 
| 144|0x000000008d000000, 0x000000008d000000, 0x000000008d100000|  0%| F|  |TAMS 0x000000008d000000, 0x000000008d000000| Untracked 
| 145|0x000000008d100000, 0x000000008d100000, 0x000000008d200000|  0%| F|  |TAMS 0x000000008d100000, 0x000000008d100000| Untracked 
| 146|0x000000008d200000, 0x000000008d200000, 0x000000008d300000|  0%| F|  |TAMS 0x000000008d200000, 0x000000008d200000| Untracked 
| 147|0x000000008d300000, 0x000000008d300000, 0x000000008d400000|  0%| F|  |TAMS 0x000000008d300000, 0x000000008d300000| Untracked 
| 148|0x000000008d400000, 0x000000008d400000, 0x000000008d500000|  0%| F|  |TAMS 0x000000008d400000, 0x000000008d400000| Untracked 
| 149|0x000000008d500000, 0x000000008d500000, 0x000000008d600000|  0%| F|  |TAMS 0x000000008d500000, 0x000000008d500000| Untracked 
| 150|0x000000008d600000, 0x000000008d600000, 0x000000008d700000|  0%| F|  |TAMS 0x000000008d600000, 0x000000008d600000| Untracked 
| 151|0x000000008d700000, 0x000000008d700000, 0x000000008d800000|  0%| F|  |TAMS 0x000000008d700000, 0x000000008d700000| Untracked 
| 152|0x000000008d800000, 0x000000008d800000, 0x000000008d900000|  0%| F|  |TAMS 0x000000008d800000, 0x000000008d800000| Untracked 
| 153|0x000000008d900000, 0x000000008d900000, 0x000000008da00000|  0%| F|  |TAMS 0x000000008d900000, 0x000000008d900000| Untracked 
| 154|0x000000008da00000, 0x000000008da00000, 0x000000008db00000|  0%| F|  |TAMS 0x000000008da00000, 0x000000008da00000| Untracked 
| 155|0x000000008db00000, 0x000000008db00000, 0x000000008dc00000|  0%| F|  |TAMS 0x000000008db00000, 0x000000008db00000| Untracked 
| 156|0x000000008dc00000, 0x000000008dc00000, 0x000000008dd00000|  0%| F|  |TAMS 0x000000008dc00000, 0x000000008dc00000| Untracked 
| 157|0x000000008dd00000, 0x000000008dd00000, 0x000000008de00000|  0%| F|  |TAMS 0x000000008dd00000, 0x000000008dd00000| Untracked 
| 158|0x000000008de00000, 0x000000008de00000, 0x000000008df00000|  0%| F|  |TAMS 0x000000008de00000, 0x000000008de00000| Untracked 
| 159|0x000000008df00000, 0x000000008df00000, 0x000000008e000000|  0%| F|  |TAMS 0x000000008df00000, 0x000000008df00000| Untracked 
| 160|0x000000008e000000, 0x000000008e000000, 0x000000008e100000|  0%| F|  |TAMS 0x000000008e000000, 0x000000008e000000| Untracked 
| 161|0x000000008e100000, 0x000000008e180800, 0x000000008e200000| 50%| E|  |TAMS 0x000000008e100000, 0x000000008e100000| Complete 

Card table byte_map: [0x000001bf4bf20000,0x000001bf4c300000] _byte_map_base: 0x000001bf4bb00000

Marking Bits (Prev, Next): (CMBitMap*) 0x000001bf4121ac90, (CMBitMap*) 0x000001bf4121ac50
 Prev Bits: [0x000001bf4e5e0000, 0x000001bf504e0000)
 Next Bits: [0x000001bf4c6e0000, 0x000001bf4e5e0000)

Polling page: 0x000001bf3f0f0000

Metaspace:

Usage:
  Non-class:     58.01 MB used.
      Class:      9.31 MB used.
       Both:     67.33 MB used.

Virtual space:
  Non-class space:       64.00 MB reserved,      58.38 MB ( 91%) committed,  8 nodes.
      Class space:        1.00 GB reserved,       9.69 MB ( <1%) committed,  1 nodes.
             Both:        1.06 GB reserved,      68.06 MB (  6%) committed. 

Chunk freelists:
   Non-Class:  1.46 MB
       Class:  2.32 MB
        Both:  3.77 MB

MaxMetaspaceSize: unlimited
CompressedClassSpaceSize: 1.00 GB
Initial GC threshold: 21.00 MB
Current GC threshold: 98.44 MB
CDS: on
MetaspaceReclaimPolicy: balanced
 - commit_granule_bytes: 65536.
 - commit_granule_words: 8192.
 - virtual_space_node_default_size: 1048576.
 - enlarge_chunks_in_place: 1.
 - new_chunks_are_fully_committed: 0.
 - uncommit_free_chunks: 1.
 - use_allocation_guard: 0.
 - handle_deallocations: 1.


Internal statistics:

num_allocs_failed_limit: 9.
num_arena_births: 1196.
num_arena_deaths: 0.
num_vsnodes_births: 9.
num_vsnodes_deaths: 0.
num_space_committed: 1089.
num_space_uncommitted: 0.
num_chunks_returned_to_freelist: 9.
num_chunks_taken_from_freelist: 3737.
num_chunk_merges: 9.
num_chunk_splits: 2543.
num_chunks_enlarged: 1793.
num_purges: 0.
num_inconsistent_stats: 0.

CodeCache: size=49152Kb used=18008Kb max_used=18973Kb free=31143Kb
 bounds [0x000001bf48a30000, 0x000001bf49d40000, 0x000001bf4ba30000]
 total_blobs=11335 nmethods=10624 adapters=637
 compilation: enabled
              stopped_count=0, restarted_count=0
 full_count=0

Compilation events (20 events):
Event: 1990.063 Thread 0x000001bf52f2f7d0 10617       1       sun.security.ssl.HandshakeOutStream::putBytes16 (27 bytes)
Event: 1990.064 Thread 0x000001bf52f2f7d0 nmethod 10617 0x000001bf49be9210 code [0x000001bf49be9400, 0x000001bf49be9608]
Event: 1990.065 Thread 0x000001bf52f2f7d0 10618       1       sun.security.ssl.Record::getInt24 (38 bytes)
Event: 1990.065 Thread 0x000001bf52f2f7d0 nmethod 10618 0x000001bf49be8c90 code [0x000001bf49be8e60, 0x000001bf49be9098]
Event: 1990.065 Thread 0x000001bf52f2f7d0 10619       1       sun.security.ec.ECPublicKeyImpl::getAlgorithm (3 bytes)
Event: 1990.065 Thread 0x000001bf52f2f7d0 nmethod 10619 0x000001bf49be8990 code [0x000001bf49be8b20, 0x000001bf49be8bf8]
Event: 1990.065 Thread 0x000001bf52f2f7d0 10620       1       sun.security.jca.GetInstance::getServices (11 bytes)
Event: 1990.065 Thread 0x000001bf52f2f7d0 nmethod 10620 0x000001bf49be8490 code [0x000001bf49be8640, 0x000001bf49be8838]
Event: 1990.066 Thread 0x000001bf52f2f7d0 10621       1       sun.security.jca.ProviderList::getServices (11 bytes)
Event: 1990.066 Thread 0x000001bf52f2f7d0 nmethod 10621 0x000001bf49be8110 code [0x000001bf49be82a0, 0x000001bf49be8408]
Event: 1990.066 Thread 0x000001bf52f2f7d0 10622       1       sun.security.jca.ProviderList$ServiceList::<init> (40 bytes)
Event: 1990.066 Thread 0x000001bf52f2f7d0 nmethod 10622 0x000001bf49be7c90 code [0x000001bf49be7e20, 0x000001bf49be8078]
Event: 1990.068 Thread 0x000001bf52f2f7d0 10623       1       sun.security.ec.ECPublicKeyImpl::getW (5 bytes)
Event: 1990.069 Thread 0x000001bf52f2f7d0 nmethod 10623 0x000001bf49be7990 code [0x000001bf49be7b20, 0x000001bf49be7bf8]
Event: 1990.071 Thread 0x000001bf52f2f7d0 10624       1       java.util.StringTokenizer::<init> (8 bytes)
Event: 1990.072 Thread 0x000001bf52f2f7d0 nmethod 10624 0x000001bf49be7690 code [0x000001bf49be7820, 0x000001bf49be7908]
Event: 1993.072 Thread 0x000001bf52f2f7d0 10625       1       com.microsoft.sqlserver.jdbc.SQLServerDriver::getNormalizedPropertyName (119 bytes)
Event: 1993.073 Thread 0x000001bf52f2f7d0 nmethod 10625 0x000001bf49be6c10 code [0x000001bf49be6e20, 0x000001bf49be7288]
Event: 1993.076 Thread 0x000001bf52f2f7d0 10626       1       java.nio.ByteBuffer::get (9 bytes)
Event: 1993.076 Thread 0x000001bf52f2f7d0 nmethod 10626 0x000001bf49be6890 code [0x000001bf49be6a20, 0x000001bf49be6b28]

GC Heap History (20 events):
Event: 7.509 GC heap before
{Heap before GC invocations=20 (full 0):
 garbage-first heap   total 88064K, used 72576K [0x0000000084000000, 0x0000000100000000)
  region size 1024K, 41 young (41984K), 3 survivors (3072K)
 Metaspace       used 60246K, committed 60864K, reserved 1105920K
  class space    used 8329K, committed 8640K, reserved 1048576K
}
Event: 7.512 GC heap after
{Heap after GC invocations=21 (full 0):
 garbage-first heap   total 88064K, used 34845K [0x0000000084000000, 0x0000000100000000)
  region size 1024K, 5 young (5120K), 5 survivors (5120K)
 Metaspace       used 60246K, committed 60864K, reserved 1105920K
  class space    used 8329K, committed 8640K, reserved 1048576K
}
Event: 7.520 GC heap before
{Heap before GC invocations=21 (full 0):
 garbage-first heap   total 88064K, used 35869K [0x0000000084000000, 0x0000000100000000)
  region size 1024K, 6 young (6144K), 5 survivors (5120K)
 Metaspace       used 60289K, committed 60928K, reserved 1105920K
  class space    used 8333K, committed 8640K, reserved 1048576K
}
Event: 7.523 GC heap after
{Heap after GC invocations=22 (full 0):
 garbage-first heap   total 88064K, used 34972K [0x0000000084000000, 0x0000000100000000)
  region size 1024K, 1 young (1024K), 1 survivors (1024K)
 Metaspace       used 60289K, committed 60928K, reserved 1105920K
  class space    used 8333K, committed 8640K, reserved 1048576K
}
Event: 7.664 GC heap before
{Heap before GC invocations=22 (full 0):
 garbage-first heap   total 88064K, used 71836K [0x0000000084000000, 0x0000000100000000)
  region size 1024K, 37 young (37888K), 1 survivors (1024K)
 Metaspace       used 60649K, committed 61312K, reserved 1105920K
  class space    used 8376K, committed 8704K, reserved 1048576K
}
Event: 7.665 GC heap after
{Heap after GC invocations=23 (full 0):
 garbage-first heap   total 88064K, used 35626K [0x0000000084000000, 0x0000000100000000)
  region size 1024K, 2 young (2048K), 2 survivors (2048K)
 Metaspace       used 60649K, committed 61312K, reserved 1105920K
  class space    used 8376K, committed 8704K, reserved 1048576K
}
Event: 7.951 GC heap before
{Heap before GC invocations=23 (full 0):
 garbage-first heap   total 88064K, used 72490K [0x0000000084000000, 0x0000000100000000)
  region size 1024K, 38 young (38912K), 2 survivors (2048K)
 Metaspace       used 62273K, committed 62912K, reserved 1105920K
  class space    used 8624K, committed 8896K, reserved 1048576K
}
Event: 7.954 GC heap after
{Heap after GC invocations=24 (full 0):
 garbage-first heap   total 88064K, used 37705K [0x0000000084000000, 0x0000000100000000)
  region size 1024K, 4 young (4096K), 4 survivors (4096K)
 Metaspace       used 62273K, committed 62912K, reserved 1105920K
  class space    used 8624K, committed 8896K, reserved 1048576K
}
Event: 106.006 GC heap before
{Heap before GC invocations=24 (full 0):
 garbage-first heap   total 88064K, used 71497K [0x0000000084000000, 0x0000000100000000)
  region size 1024K, 37 young (37888K), 4 survivors (4096K)
 Metaspace       used 63550K, committed 64192K, reserved 1105920K
  class space    used 8811K, committed 9152K, reserved 1048576K
}
Event: 106.009 GC heap after
{Heap after GC invocations=25 (full 0):
 garbage-first heap   total 165888K, used 39098K [0x0000000084000000, 0x0000000100000000)
  region size 1024K, 4 young (4096K), 4 survivors (4096K)
 Metaspace       used 63550K, committed 64192K, reserved 1105920K
  class space    used 8811K, committed 9152K, reserved 1048576K
}
Event: 342.762 GC heap before
{Heap before GC invocations=25 (full 0):
 garbage-first heap   total 165888K, used 129210K [0x0000000084000000, 0x0000000100000000)
  region size 1024K, 93 young (95232K), 4 survivors (4096K)
 Metaspace       used 68807K, committed 69568K, reserved 1114112K
  class space    used 9509K, committed 9920K, reserved 1048576K
}
Event: 342.766 GC heap after
{Heap after GC invocations=26 (full 0):
 garbage-first heap   total 165888K, used 41786K [0x0000000084000000, 0x0000000100000000)
  region size 1024K, 7 young (7168K), 7 survivors (7168K)
 Metaspace       used 68807K, committed 69568K, reserved 1114112K
  class space    used 9509K, committed 9920K, reserved 1048576K
}
Event: 716.712 GC heap before
{Heap before GC invocations=26 (full 0):
 garbage-first heap   total 165888K, used 133946K [0x0000000084000000, 0x0000000100000000)
  region size 1024K, 97 young (99328K), 7 survivors (7168K)
 Metaspace       used 68928K, committed 69696K, reserved 1114112K
  class space    used 9534K, committed 9920K, reserved 1048576K
}
Event: 716.716 GC heap after
{Heap after GC invocations=27 (full 0):
 garbage-first heap   total 165888K, used 41627K [0x0000000084000000, 0x0000000100000000)
  region size 1024K, 6 young (6144K), 6 survivors (6144K)
 Metaspace       used 68928K, committed 69696K, reserved 1114112K
  class space    used 9534K, committed 9920K, reserved 1048576K
}
Event: 1170.952 GC heap before
{Heap before GC invocations=27 (full 0):
 garbage-first heap   total 165888K, used 134811K [0x0000000084000000, 0x0000000100000000)
  region size 1024K, 97 young (99328K), 6 survivors (6144K)
 Metaspace       used 68928K, committed 69696K, reserved 1114112K
  class space    used 9534K, committed 9920K, reserved 1048576K
}
Event: 1170.956 GC heap after
{Heap after GC invocations=28 (full 0):
 garbage-first heap   total 165888K, used 41903K [0x0000000084000000, 0x0000000100000000)
  region size 1024K, 7 young (7168K), 7 survivors (7168K)
 Metaspace       used 68928K, committed 69696K, reserved 1114112K
  class space    used 9534K, committed 9920K, reserved 1048576K
}
Event: 1568.976 GC heap before
{Heap before GC invocations=28 (full 0):
 garbage-first heap   total 165888K, used 134063K [0x0000000084000000, 0x0000000100000000)
  region size 1024K, 97 young (99328K), 7 survivors (7168K)
 Metaspace       used 68930K, committed 69696K, reserved 1114112K
  class space    used 9534K, committed 9920K, reserved 1048576K
}
Event: 1568.981 GC heap after
{Heap after GC invocations=29 (full 0):
 garbage-first heap   total 165888K, used 41769K [0x0000000084000000, 0x0000000100000000)
  region size 1024K, 7 young (7168K), 7 survivors (7168K)
 Metaspace       used 68930K, committed 69696K, reserved 1114112K
  class space    used 9534K, committed 9920K, reserved 1048576K
}
Event: 2030.959 GC heap before
{Heap before GC invocations=29 (full 0):
 garbage-first heap   total 165888K, used 133929K [0x0000000084000000, 0x0000000100000000)
  region size 1024K, 97 young (99328K), 7 survivors (7168K)
 Metaspace       used 68941K, committed 69696K, reserved 1114112K
  class space    used 9536K, committed 9920K, reserved 1048576K
}
Event: 2030.982 GC heap after
{Heap after GC invocations=30 (full 0):
 garbage-first heap   total 165888K, used 42245K [0x0000000084000000, 0x0000000100000000)
  region size 1024K, 7 young (7168K), 7 survivors (7168K)
 Metaspace       used 68941K, committed 69696K, reserved 1114112K
  class space    used 9536K, committed 9920K, reserved 1048576K
}

Deoptimization events (20 events):
Event: 1.381 Thread 0x000001bf5424bd80 DEOPT PACKING pc=0x000001bf48f27c99 sp=0x0000003eb22fcc90
Event: 1.381 Thread 0x000001bf5424bd80 DEOPT UNPACKING pc=0x000001bf48a866e3 sp=0x0000003eb22fc170 mode 3
Event: 2.822 Thread 0x000001bf5424bd80 DEOPT PACKING pc=0x000001bf492d6a5d sp=0x0000003eb22fcd80
Event: 2.822 Thread 0x000001bf5424bd80 DEOPT UNPACKING pc=0x000001bf48a866e3 sp=0x0000003eb22fc2e8 mode 3
Event: 3.186 Thread 0x000001bf5424bd80 DEOPT PACKING pc=0x000001bf48f31b01 sp=0x0000003eb22fe0c0
Event: 3.186 Thread 0x000001bf5424bd80 DEOPT UNPACKING pc=0x000001bf48a866e3 sp=0x0000003eb22fd550 mode 3
Event: 3.186 Thread 0x000001bf55f2c450 DEOPT PACKING pc=0x000001bf48ecae97 sp=0x0000003eb29ff110
Event: 3.186 Thread 0x000001bf55f2c450 DEOPT UNPACKING pc=0x000001bf48a866e3 sp=0x0000003eb29fe568 mode 3
Event: 6.820 Thread 0x000001bf5424bd80 DEOPT PACKING pc=0x000001bf49733b3c sp=0x0000003eb22fbf00
Event: 6.820 Thread 0x000001bf5424bd80 DEOPT UNPACKING pc=0x000001bf48a866e3 sp=0x0000003eb22fb458 mode 0
Event: 7.410 Thread 0x000001bf5424bd80 DEOPT PACKING pc=0x000001bf48f9dd22 sp=0x0000003eb22fc510
Event: 7.410 Thread 0x000001bf5424bd80 DEOPT UNPACKING pc=0x000001bf48a866e3 sp=0x0000003eb22fba18 mode 3
Event: 7.410 Thread 0x000001bf5424bd80 DEOPT PACKING pc=0x000001bf48f84415 sp=0x0000003eb22fc4d0
Event: 7.410 Thread 0x000001bf5424bd80 DEOPT UNPACKING pc=0x000001bf48a866e3 sp=0x0000003eb22fba18 mode 3
Event: 188.438 Thread 0x000001bf562543b0 DEOPT PACKING pc=0x000001bf499f05b3 sp=0x0000003eb33fcdd0
Event: 188.438 Thread 0x000001bf562543b0 DEOPT UNPACKING pc=0x000001bf48a866e3 sp=0x0000003eb33fc2f8 mode 3
Event: 188.480 Thread 0x000001bf5879e670 DEOPT PACKING pc=0x000001bf49a21463 sp=0x0000003eb39fcdd0
Event: 188.480 Thread 0x000001bf5879e670 DEOPT UNPACKING pc=0x000001bf48a866e3 sp=0x0000003eb39fc2e0 mode 3
Event: 200.687 Thread 0x000001bf56253a10 DEOPT PACKING pc=0x000001bf499dd3cc sp=0x0000003eb38fc970
Event: 200.687 Thread 0x000001bf56253a10 DEOPT UNPACKING pc=0x000001bf48a866e3 sp=0x0000003eb38fbe30 mode 0

Classes unloaded (0 events):
No events

Classes redefined (0 events):
No events

Internal exceptions (20 events):
Event: 1301.805 Thread 0x000001bf5879d330 Exception <a 'java/io/IOException'{0x000000008bec12a8}> (0x000000008bec12a8) 
thrown [s\open\src\hotspot\share\prims\jni.cpp, line 516]
Event: 1301.805 Thread 0x000001bf5879d330 Exception <a 'java/io/IOException'{0x000000008bec2f88}> (0x000000008bec2f88) 
thrown [s\open\src\hotspot\share\prims\jni.cpp, line 516]
Event: 1301.805 Thread 0x000001bf5879d330 Exception <a 'java/lang/reflect/InvocationTargetException'{0x000000008bdd6cc0}> (0x000000008bdd6cc0) 
thrown [s\open\src\hotspot\share\runtime\reflection.cpp, line 1121]
Event: 1301.807 Thread 0x000001bf5879d330 Exception <a 'java/io/IOException'{0x000000008bc97b88}> (0x000000008bc97b88) 
thrown [s\open\src\hotspot\share\prims\jni.cpp, line 516]
Event: 1305.731 Thread 0x000001bf56253a10 Exception <a 'java/io/IOException'{0x000000008ba0a528}> (0x000000008ba0a528) 
thrown [s\open\src\hotspot\share\prims\jni.cpp, line 516]
Event: 1305.731 Thread 0x000001bf56253a10 Exception <a 'java/io/IOException'{0x000000008ba0bb20}> (0x000000008ba0bb20) 
thrown [s\open\src\hotspot\share\prims\jni.cpp, line 516]
Event: 1341.866 Thread 0x000001bf56253ee0 Exception <a 'java/io/IOException'{0x000000008d36fe60}> (0x000000008d36fe60) 
thrown [s\open\src\hotspot\share\prims\jni.cpp, line 516]
Event: 1341.866 Thread 0x000001bf56253ee0 Exception <a 'java/io/IOException'{0x000000008b39ae20}> (0x000000008b39ae20) 
thrown [s\open\src\hotspot\share\prims\jni.cpp, line 516]
Event: 1555.454 Thread 0x000001bf562543b0 Exception <a 'java/io/IOException'{0x000000008bdbd778}> (0x000000008bdbd778) 
thrown [s\open\src\hotspot\share\prims\jni.cpp, line 516]
Event: 1555.454 Thread 0x000001bf562543b0 Exception <a 'java/io/IOException'{0x0000000088d04900}> (0x0000000088d04900) 
thrown [s\open\src\hotspot\share\prims\jni.cpp, line 516]
Event: 1566.754 Thread 0x000001bf562543b0 Exception <a 'java/io/IOException'{0x0000000088897e00}> (0x0000000088897e00) 
thrown [s\open\src\hotspot\share\prims\jni.cpp, line 516]
Event: 1566.755 Thread 0x000001bf562543b0 Exception <a 'java/io/IOException'{0x000000008889b360}> (0x000000008889b360) 
thrown [s\open\src\hotspot\share\prims\jni.cpp, line 516]
Event: 1569.168 Thread 0x000001bf5879e670 Exception <a 'java/io/IOException'{0x000000008e1b60f8}> (0x000000008e1b60f8) 
thrown [s\open\src\hotspot\share\prims\jni.cpp, line 516]
Event: 1569.168 Thread 0x000001bf5879e670 Exception <a 'java/io/IOException'{0x000000008e1b71f8}> (0x000000008e1b71f8) 
thrown [s\open\src\hotspot\share\prims\jni.cpp, line 516]
Event: 1583.420 Thread 0x000001bf5879d330 Exception <a 'java/io/IOException'{0x000000008de11e40}> (0x000000008de11e40) 
thrown [s\open\src\hotspot\share\prims\jni.cpp, line 516]
Event: 1583.420 Thread 0x000001bf5879d330 Exception <a 'java/io/IOException'{0x000000008de12fd8}> (0x000000008de12fd8) 
thrown [s\open\src\hotspot\share\prims\jni.cpp, line 516]
Event: 1594.206 Thread 0x000001bf5879e670 Exception <a 'java/io/IOException'{0x000000008d9a58d0}> (0x000000008d9a58d0) 
thrown [s\open\src\hotspot\share\prims\jni.cpp, line 516]
Event: 1594.206 Thread 0x000001bf5879e670 Exception <a 'java/io/IOException'{0x000000008d9a70c0}> (0x000000008d9a70c0) 
thrown [s\open\src\hotspot\share\prims\jni.cpp, line 516]
Event: 1606.951 Thread 0x000001bf5879d330 Exception <a 'java/io/IOException'{0x000000008d3c4c38}> (0x000000008d3c4c38) 
thrown [s\open\src\hotspot\share\prims\jni.cpp, line 516]
Event: 1606.952 Thread 0x000001bf5879d330 Exception <a 'java/io/IOException'{0x000000008d3c6428}> (0x000000008d3c6428) 
thrown [s\open\src\hotspot\share\prims\jni.cpp, line 516]

VM Operations (20 events):
Event: 1556.106 Executing VM operation: Cleanup
Event: 1556.106 Executing VM operation: Cleanup done
Event: 1567.174 Executing VM operation: Cleanup
Event: 1567.174 Executing VM operation: Cleanup done
Event: 1568.976 Executing VM operation: G1CollectForAllocation
Event: 1568.981 Executing VM operation: G1CollectForAllocation done
Event: 1771.329 Executing VM operation: Cleanup
Event: 1771.329 Executing VM operation: Cleanup done
Event: 1778.390 Executing VM operation: Cleanup
Event: 1778.391 Executing VM operation: Cleanup done
Event: 1791.485 Executing VM operation: Cleanup
Event: 1791.485 Executing VM operation: Cleanup done
Event: 1794.493 Executing VM operation: Cleanup
Event: 1794.493 Executing VM operation: Cleanup done
Event: 1964.583 Executing VM operation: Cleanup
Event: 1964.583 Executing VM operation: Cleanup done
Event: 1990.748 Executing VM operation: Cleanup
Event: 1990.748 Executing VM operation: Cleanup done
Event: 2030.958 Executing VM operation: G1CollectForAllocation
Event: 2030.982 Executing VM operation: G1CollectForAllocation done

Events (20 events):
Event: 1771.196 Thread 0x000001bf5879d800 Thread added: 0x000001bf5879d800
Event: 1776.216 Thread 0x000001bf5879eb40 Thread exited: 0x000001bf5879eb40
Event: 1776.296 Thread 0x000001bf5879d800 Thread exited: 0x000001bf5879d800
Event: 1777.638 Thread 0x000001bf5879bb20 Thread added: 0x000001bf5879bb20
Event: 1777.638 Thread 0x000001bf5879e1a0 Thread added: 0x000001bf5879e1a0
Event: 1782.960 Thread 0x000001bf5879bb20 Thread exited: 0x000001bf5879bb20
Event: 1782.991 Thread 0x000001bf5879e1a0 Thread exited: 0x000001bf5879e1a0
Event: 1790.543 Thread 0x000001bf5879d800 Thread added: 0x000001bf5879d800
Event: 1790.543 Thread 0x000001bf587a0cf0 Thread added: 0x000001bf587a0cf0
Event: 1795.571 Thread 0x000001bf562556f0 Thread exited: 0x000001bf562556f0
Event: 1804.677 Thread 0x000001bf5879d800 Thread exited: 0x000001bf5879d800
Event: 1804.692 Thread 0x000001bf587a0cf0 Thread exited: 0x000001bf587a0cf0
Event: 1963.617 Thread 0x000001bf5879e1a0 Thread added: 0x000001bf5879e1a0
Event: 1963.617 Thread 0x000001bf5879c4c0 Thread added: 0x000001bf5879c4c0
Event: 1968.622 Thread 0x000001bf5879e1a0 Thread exited: 0x000001bf5879e1a0
Event: 1968.653 Thread 0x000001bf5879c4c0 Thread exited: 0x000001bf5879c4c0
Event: 1990.059 Thread 0x000001bf5879ce60 Thread added: 0x000001bf5879ce60
Event: 1990.059 Thread 0x000001bf5879b180 Thread added: 0x000001bf5879b180
Event: 1998.076 Thread 0x000001bf5879ce60 Thread exited: 0x000001bf5879ce60
Event: 1998.107 Thread 0x000001bf5879b180 Thread exited: 0x000001bf5879b180


Dynamic libraries:
0x00007ff6299f0000 - 0x00007ff629a00000 	D:\DuAnTotNghiep\bin\java.exe
0x00007ff913a10000 - 0x00007ff913c27000 	C:\WINDOWS\SYSTEM32\ntdll.dll
0x00007ff9128d0000 - 0x00007ff912994000 	C:\WINDOWS\System32\KERNEL32.DLL
0x00007ff910e20000 - 0x00007ff9111c6000 	C:\WINDOWS\System32\KERNELBASE.dll
0x00007ff911500000 - 0x00007ff911611000 	C:\WINDOWS\System32\ucrtbase.dll
0x00007ff8d5300000 - 0x00007ff8d5318000 	D:\DuAnTotNghiep\bin\jli.dll
0x00007ff8d4bc0000 - 0x00007ff8d4bdb000 	D:\DuAnTotNghiep\bin\VCRUNTIME140.dll
0x00007ff912390000 - 0x00007ff912441000 	C:\WINDOWS\System32\ADVAPI32.dll
0x00007ff9135a0000 - 0x00007ff913647000 	C:\WINDOWS\System32\msvcrt.dll
0x00007ff911b10000 - 0x00007ff911bb5000 	C:\WINDOWS\System32\sechost.dll
0x00007ff911970000 - 0x00007ff911a87000 	C:\WINDOWS\System32\RPCRT4.dll
0x00007ff911760000 - 0x00007ff91190e000 	C:\WINDOWS\System32\USER32.dll
0x00007ff910df0000 - 0x00007ff910e16000 	C:\WINDOWS\System32\win32u.dll
0x00007ff913510000 - 0x00007ff913539000 	C:\WINDOWS\System32\GDI32.dll
0x00007ff8e3cf0000 - 0x00007ff8e3f83000 	C:\WINDOWS\WinSxS\amd64_microsoft.windows.common-controls_6595b64144ccf1df_6.0.22621.2506_none_270c5ae97388e100\COMCTL32.dll
0x00007ff9113e0000 - 0x00007ff9114f8000 	C:\WINDOWS\System32\gdi32full.dll
0x00007ff9111d0000 - 0x00007ff91126a000 	C:\WINDOWS\System32\msvcp_win.dll
0x00007ff905640000 - 0x00007ff90564a000 	C:\WINDOWS\SYSTEM32\VERSION.dll
0x00007ff913990000 - 0x00007ff9139c1000 	C:\WINDOWS\System32\IMM32.DLL
0x00007ff8d52f0000 - 0x00007ff8d52fc000 	D:\DuAnTotNghiep\bin\vcruntime140_1.dll
0x00007ff8b5150000 - 0x00007ff8b51de000 	D:\DuAnTotNghiep\bin\msvcp140.dll
0x00007ff8b4570000 - 0x00007ff8b5147000 	D:\DuAnTotNghiep\bin\server\jvm.dll
0x00007ff913350000 - 0x00007ff913358000 	C:\WINDOWS\System32\PSAPI.DLL
0x00007ff8f0be0000 - 0x00007ff8f0be9000 	C:\WINDOWS\SYSTEM32\WSOCK32.dll
0x00007ff911a90000 - 0x00007ff911b01000 	C:\WINDOWS\System32\WS2_32.dll
0x00007ff90b260000 - 0x00007ff90b294000 	C:\WINDOWS\SYSTEM32\WINMM.dll
0x00007ff90fd80000 - 0x00007ff90fd98000 	C:\WINDOWS\SYSTEM32\kernel.appcore.dll
0x00007ff8d4bb0000 - 0x00007ff8d4bba000 	D:\DuAnTotNghiep\bin\jimage.dll
0x00007ff90e900000 - 0x00007ff90eb33000 	C:\WINDOWS\SYSTEM32\DBGHELP.DLL
0x00007ff911df0000 - 0x00007ff912179000 	C:\WINDOWS\System32\combase.dll
0x00007ff912290000 - 0x00007ff912367000 	C:\WINDOWS\System32\OLEAUT32.dll
0x00007ff90b060000 - 0x00007ff90b092000 	C:\WINDOWS\SYSTEM32\dbgcore.DLL
0x00007ff911620000 - 0x00007ff91169a000 	C:\WINDOWS\System32\bcryptPrimitives.dll
0x00007ff8c9e90000 - 0x00007ff8c9e9e000 	D:\DuAnTotNghiep\bin\instrument.dll
0x00007ff8d4b80000 - 0x00007ff8d4ba5000 	D:\DuAnTotNghiep\bin\java.dll
0x00007ff8b4490000 - 0x00007ff8b4567000 	D:\DuAnTotNghiep\bin\jsvml.dll
0x00007ff912af0000 - 0x00007ff91334a000 	C:\WINDOWS\System32\SHELL32.dll
0x00007ff90eca0000 - 0x00007ff90f596000 	C:\WINDOWS\SYSTEM32\windows.storage.dll
0x00007ff90eb60000 - 0x00007ff90ec9e000 	C:\WINDOWS\SYSTEM32\wintypes.dll
0x00007ff911cf0000 - 0x00007ff911de3000 	C:\WINDOWS\System32\SHCORE.dll
0x00007ff911910000 - 0x00007ff91196e000 	C:\WINDOWS\System32\shlwapi.dll
0x00007ff910cb0000 - 0x00007ff910cd6000 	C:\WINDOWS\SYSTEM32\profapi.dll
0x00007ff8b4450000 - 0x00007ff8b4468000 	D:\DuAnTotNghiep\bin\zip.dll
0x00007ff8c7480000 - 0x00007ff8c7499000 	D:\DuAnTotNghiep\bin\net.dll
0x00007ff907470000 - 0x00007ff9075a7000 	C:\WINDOWS\SYSTEM32\WINHTTP.dll
0x00007ff910200000 - 0x00007ff910269000 	C:\WINDOWS\system32\mswsock.dll
0x00007ff8b4470000 - 0x00007ff8b4486000 	D:\DuAnTotNghiep\bin\nio.dll
0x00007ff8b3e00000 - 0x00007ff8b3e1a000 	D:\DuAnTotNghiep\IntelliJ IDEA 2020.3.4\bin\breakgen64.dll
0x00007ff90f870000 - 0x00007ff90f969000 	C:\WINDOWS\SYSTEM32\DNSAPI.dll
0x00007ff90f840000 - 0x00007ff90f86d000 	C:\WINDOWS\SYSTEM32\IPHLPAPI.DLL
0x00007ff912180000 - 0x00007ff912189000 	C:\WINDOWS\System32\NSI.dll
0x0000000069700000 - 0x0000000069726000 	C:\Program Files\Bonjour\mdnsNSP.dll
0x00007ff905340000 - 0x00007ff90534a000 	C:\Windows\System32\rasadhlp.dll
0x00007ff905650000 - 0x00007ff9056d3000 	C:\WINDOWS\System32\fwpuclnt.dll
0x00007ff8c94d0000 - 0x00007ff8c94da000 	D:\DuAnTotNghiep\bin\management.dll
0x00007ff8c9430000 - 0x00007ff8c943b000 	D:\DuAnTotNghiep\bin\management_ext.dll
0x00007ff910450000 - 0x00007ff91046b000 	C:\WINDOWS\SYSTEM32\CRYPTSP.dll
0x00007ff90fce0000 - 0x00007ff90fd15000 	C:\WINDOWS\system32\rsaenh.dll
0x00007ff9102f0000 - 0x00007ff91031c000 	C:\WINDOWS\SYSTEM32\USERENV.dll
0x00007ff910640000 - 0x00007ff910668000 	C:\WINDOWS\SYSTEM32\bcrypt.dll
0x00007ff910470000 - 0x00007ff91047c000 	C:\WINDOWS\SYSTEM32\CRYPTBASE.dll
0x00007ff907660000 - 0x00007ff907679000 	C:\WINDOWS\SYSTEM32\dhcpcsvc6.DLL
0x00007ff9071b0000 - 0x00007ff9071cf000 	C:\WINDOWS\SYSTEM32\dhcpcsvc.DLL
0x00007ff886030000 - 0x00007ff886047000 	C:\WINDOWS\system32\napinsp.dll
0x00007ff886010000 - 0x00007ff88602b000 	C:\WINDOWS\system32\pnrpnsp.dll
0x00007ff873c40000 - 0x00007ff873c51000 	C:\WINDOWS\System32\winrnr.dll
0x00007ff8dc7d0000 - 0x00007ff8dc7e5000 	C:\WINDOWS\system32\wshbth.dll
0x00007ff89b2f0000 - 0x00007ff89b311000 	C:\WINDOWS\system32\nlansp_c.dll
0x00007ff8c7650000 - 0x00007ff8c765d000 	D:\DuAnTotNghiep\bin\sunmscapi.dll
0x00007ff911270000 - 0x00007ff9113d6000 	C:\WINDOWS\System32\CRYPT32.dll
0x00007ff910610000 - 0x00007ff91063d000 	C:\WINDOWS\SYSTEM32\ncrypt.dll
0x00007ff9105d0000 - 0x00007ff910607000 	C:\WINDOWS\SYSTEM32\NTASN1.dll
0x00007ff8b3df0000 - 0x00007ff8b3df8000 	C:\WINDOWS\system32\wshunix.dll

dbghelp: loaded successfully - version: 4.0.5 - missing functions: none
symbol engine: initialized successfully - sym options: 0x614 - pdb path: .;D:\DuAnTotNghiep\bin;C:\WINDOWS\SYSTEM32;C:\WINDOWS\WinSxS\amd64_microsoft.windows.common-controls_6595b64144ccf1df_6.0.22621.2506_none_270c5ae97388e100;D:\DuAnTotNghiep\bin\server;D:\DuAnTotNghiep\IntelliJ IDEA 2020.3.4\bin;C:\Program Files\Bonjour

VM Arguments:
jvm_args: -XX:TieredStopAtLevel=1 -Xverify:none -Dspring.output.ansi.enabled=always -javaagent:D:\DuAnTotNghiep\IntelliJ IDEA 2020.3.4\lib\idea_rt.jar=49997:D:\DuAnTotNghiep\IntelliJ IDEA 2020.3.4\bin -Dcom.sun.management.jmxremote -Dspring.jmx.enabled=true -Dspring.liveBeansView.mbeanDomain -Dspring.application.admin.enabled=true -Dfile.encoding=UTF-8 
java_command: com.example.demo.DemoApplication
java_class_path (initial): D:\DATN\New folder\WebsiteBanAoPhongSimple\backend\target\classes;C:\Users\84363\.m2\repository\org\springframework\boot\spring-boot-starter-web\3.1.1\spring-boot-starter-web-3.1.1.jar;C:\Users\84363\.m2\repository\org\springframework\boot\spring-boot-starter\3.1.1\spring-boot-starter-3.1.1.jar;C:\Users\84363\.m2\repository\org\springframework\boot\spring-boot-starter-logging\3.1.1\spring-boot-starter-logging-3.1.1.jar;C:\Users\84363\.m2\repository\ch\qos\logback\logback-classic\1.4.8\logback-classic-1.4.8.jar;C:\Users\84363\.m2\repository\ch\qos\logback\logback-core\1.4.8\logback-core-1.4.8.jar;C:\Users\84363\.m2\repository\org\apache\logging\log4j\log4j-to-slf4j\2.20.0\log4j-to-slf4j-2.20.0.jar;C:\Users\84363\.m2\repository\org\apache\logging\log4j\log4j-api\2.20.0\log4j-api-2.20.0.jar;C:\Users\84363\.m2\repository\org\slf4j\jul-to-slf4j\2.0.7\jul-to-slf4j-2.0.7.jar;C:\Users\84363\.m2\repository\jakarta\annotation\jakarta.annotation-api\2.1.1\jakarta.annotation-api-2.1.1.jar;C:\Users\84363\.m2\repository\org\yaml\snakeyaml\1.33\snakeyaml-1.33.jar;C:\Users\84363\.m2\repository\org\springframework\boot\spring-boot-starter-json\3.1.1\spring-boot-starter-json-3.1.1.jar;C:\Users\84363\.m2\repository\com\fasterxml\jackson\core\jackson-databind\2.15.2\jackson-databind-2.15.2.jar;C:\Users\84363\.m2\repository\com\fasterxml\jackson\core\jackson-annotations\2.15.2\jackson-annotations-2.15.2.jar;C:\Users\84363\.m2\repository\com\fasterxml\jackson\core\jackson-core\2.15.2\jackson-core-2.15.2.jar;C:\Users\84363\.m2\repository\com\fasterxml\jackson\datatype\jackson-datatype-jdk8\2.15.2\jackson-datatype-jdk8-2.15.2.jar;C:\Users\84363\.m2\repository\com\fasterxml\jackson\datatype\jackson-datatype-jsr310\2.15.2\jackson-datatype-jsr310-2.15.2.jar;C:\Users\84363\.m2\repository\com\fasterxml\jackson\module\jackson-module-parameter-names\2.15.2\jackson-module-parameter-names-2.15.2.jar;C:\Users\84363\.m2\repository\org\springframework\boot\spring-boot-star
Launcher Type: SUN_STANDARD

[Global flags]
     intx CICompilerCount                          = 4                                         {product} {ergonomic}
     uint ConcGCThreads                            = 2                                         {product} {ergonomic}
     uint G1ConcRefinementThreads                  = 8                                         {product} {ergonomic}
   size_t G1HeapRegionSize                         = 1048576                                   {product} {ergonomic}
    uintx GCDrainStackTargetSize                   = 64                                        {product} {ergonomic}
   size_t InitialHeapSize                          = 130023424                                 {product} {ergonomic}
     bool ManagementServer                         = true                                      {product} {command line}
   size_t MarkStackSize                            = 4194304                                   {product} {ergonomic}
   size_t MaxHeapSize                              = 2080374784                                {product} {ergonomic}
   size_t MaxNewSize                               = 1247805440                                {product} {ergonomic}
   size_t MinHeapDeltaBytes                        = 1048576                                   {product} {ergonomic}
   size_t MinHeapSize                              = 8388608                                   {product} {ergonomic}
    uintx NonProfiledCodeHeapSize                  = 0                                      {pd product} {ergonomic}
     bool ProfileInterpreter                       = false                                  {pd product} {command line}
    uintx ProfiledCodeHeapSize                     = 0                                      {pd product} {ergonomic}
   size_t SoftMaxHeapSize                          = 2080374784                             {manageable} {ergonomic}
     intx TieredStopAtLevel                        = 1                                         {product} {command line}
     bool UseCompressedClassPointers               = true                           {product lp64_product} {ergonomic}
     bool UseCompressedOops                        = true                           {product lp64_product} {ergonomic}
     bool UseG1GC                                  = true                                      {product} {ergonomic}
     bool UseLargePagesIndividualAllocation        = false                                  {pd product} {ergonomic}

Logging:
Log output configuration:
 #0: stdout all=warning uptime,level,tags
 #1: stderr all=off uptime,level,tags

Environment Variables:
JAVA_HOME=C:\Program Files\Java\jdk-19
PATH=C:\Program Files\Common Files\Oracle\Java\javapath;C:\WINDOWS\system32;C:\WINDOWS;C:\WINDOWS\System32\Wbem;C:\WINDOWS\System32\WindowsPowerShell\v1.0\;C:\WINDOWS\System32\OpenSSH\;C:\Program Files\Azure Data Studio\bin;C:\Program Files\Java\jdk-19\bin;C:\Program Files\nodejs\;C:\Program Files\Microsoft SQL Server\Client SDK\ODBC\170\Tools\Binn\;C:\Program Files (x86)\Microsoft SQL Server\150\Tools\Binn\;C:\Program Files\Microsoft SQL Server\150\Tools\Binn\;C:\Program Files\Microsoft SQL Server\150\DTS\Binn\;C:\Program Files (x86)\Microsoft SQL Server\150\DTS\Binn\;D:\DuAnTotNghiep\bin;D:\DuAnTotNghiep\Git\cmd;D:\ThucTap_SAVIS\opencv\build\java\x64;D:\ThucTap_SAVIS\opencv\build\bin;C:\Program Files\Azure Data Studio\bin;D:\AI\Microsoft VS Code\bin;C:\Users\84363\AppData\Roaming\npm;D:\ThucTap_SAVIS\opencv\build\java\x64;
USERNAME=Van Dinh Dat
OS=Windows_NT
PROCESSOR_IDENTIFIER=Intel64 Family 6 Model 140 Stepping 1, GenuineIntel



---------------  S Y S T E M  ---------------

OS:
 Windows 11 , 64 bit Build 22621 (10.0.22621.2506)
OS uptime: 0 days 0:36 hours

CPU: total 8 (initial active 8) (4 cores per cpu, 2 threads per core) family 6 model 140 stepping 1 microcode 0xa4, cx8, cmov, fxsr, ht, mmx, 3dnowpref, sse, sse2, sse3, ssse3, sse4.1, sse4.2, popcnt, lzcnt, tsc, tscinvbit, avx, avx2, aes, erms, clmul, bmi1, bmi2, adx, avx512f, avx512dq, avx512cd, avx512bw, avx512vl, sha, fma, vzeroupper, avx512_vpopcntdq, avx512_vpclmulqdq, avx512_vaes, avx512_vnni, clflush, clflushopt, clwb, avx512_vbmi2, avx512_vbmi

Memory: 4k page, system-wide physical 7934M (1127M free)
TotalPageFile size 12353M (AvailPageFile size 869M)
current process WorkingSet (physical memory assigned to process): 173M, peak: 318M
current process commit charge ("private bytes"): 366M, peak: 367M

vm_info: Java HotSpot(TM) 64-Bit Server VM (17.0.6+9-LTS-190) for windows-amd64 JRE (17.0.6+9-LTS-190), built on Dec  6 2022 15:53:54 by "mach5one" with MS VC++ 17.1 (VS2022)

END.
